#
# A fatal error has been detected by the Java Runtime Environment:
#
#  EXCEPTION_ACCESS_VIOLATION (0xc0000005) at pc=0x0000000052967eb5, pid=1192, tid=0x000000000000230c
#
# JRE version: Java(TM) SE Runtime Environment (8.0_202-b08) (build 1.8.0_202-b08)
# Java VM: Java HotSpot(TM) 64-Bit Server VM (25.202-b08 mixed mode windows-amd64 compressed oops)
# Problematic frame:
# V  [jvm.dll+0x1d7eb5]
#
# Failed to write core dump. Minidumps are not enabled by default on client versions of Windows
#
# If you would like to submit a bug report, please visit:
#   http://bugreport.java.com/bugreport/crash.jsp
#

---------------  T H R E A D  ---------------

Current thread (0x0000000019b37000):  VMThread [stack: 0x000000001abd0000,0x000000001acd0000] [id=8972]

siginfo: ExceptionCode=0xc0000005, reading address 0x000000160000003e

Registers:
RAX=0x0000001600000010, RBX=0x00000007027112a8, RCX=0x00000007c0929db8, RDX=0x00000000000006de
RSP=0x000000001accf510, RBP=0x0000000000000003, RSI=0x000000001accf658, RDI=0x000000002cdf9df0
R8 =0x000000001accf658, R9 =0x0000000002ab0930, R10=0x000000002ce7b6d0, R11=0x000000001accf4c8
R12=0x0000000000000018, R13=0x00000007c0929db8, R14=0x000000001e3ec1e0, R15=0x0000000024722ff8
RIP=0x0000000052967eb5, EFLAGS=0x0000000000010246

Top of Stack: (sp=0x000000001accf510)
0x000000001accf510:   0000000019b37668 00000000000000d8
0x000000001accf520:   000000001accf5d8 000000005289cd97
0x000000001accf530:   000000001b60f320 0000000019b37000
0x000000001accf540:   0000000024722ff8 0000000024722ff8
0x000000001accf550:   00000007c095a118 0000000000000000
0x000000001accf560:   0000000000000000 000000001b60f320
0x000000001accf570:   0000000019b37000 0000000000000000
0x000000001accf580:   00000007c0929db8 0000000052959146
0x000000001accf590:   0000000000000000 00000007c0929db8
0x000000001accf5a0:   000000001accf658 00000007c095a118
0x000000001accf5b0:   000000001ec2f910 00000000529aeb32
0x000000001accf5c0:   0000000052da0b38 0000000052803300
0x000000001accf5d0:   0000000019b37000 0000000019b37000
0x000000001accf5e0:   0000000019b35d60 0000000019b37580
0x000000001accf5f0:   0000000019b37590 0000000019b37668
0x000000001accf600:   00000000000000d8 000000001accf688 

Instructions: (pc=0x0000000052967eb5)
0x0000000052967e95:   ca c1 e9 10 f6 c1 01 0f 84 e1 01 00 00 c1 ea 0f
0x0000000052967ea5:   f6 c2 01 0f 85 d5 01 00 00 48 8b 40 08 49 8b cd
0x0000000052967eb5:   0f b7 50 2e e8 f2 12 f3 ff 48 8b cb 48 8b d0 4c
0x0000000052967ec5:   8b f8 48 89 84 24 98 00 00 00 e8 ac 8a e9 ff 4c 


Register to memory mapping:

RAX=0x0000001600000010 is an unknown value
RBX=0x00000007027112a8 is an oop
java.lang.invoke.MemberName 
 - klass: 'java/lang/invoke/MemberName'
RCX=0x00000007c0929db8 is pointing into metadata
RDX=0x00000000000006de is an unknown value
RSP=0x000000001accf510 is an unknown value
RBP=0x0000000000000003 is an unknown value
RSI=0x000000001accf658 is an unknown value
RDI=0x000000002cdf9df0 is pointing into metadata
R8 =0x000000001accf658 is an unknown value
R9 =0x0000000002ab0930 is an unknown value
R10=0x000000002ce7b6d0 is pointing into metadata
R11=0x000000001accf4c8 is an unknown value
R12=0x0000000000000018 is an unknown value
R13=0x00000007c0929db8 is pointing into metadata
R14=0x000000001e3ec1e0 is an unknown value
R15=0x0000000024722ff8 is an unknown value


Stack: [0x000000001abd0000,0x000000001acd0000],  sp=0x000000001accf510,  free space=1021k
Native frames: (J=compiled Java code, j=interpreted, Vv=VM code, C=native code)
V  [jvm.dll+0x1d7eb5]
V  [jvm.dll+0x1c9146]
V  [jvm.dll+0x1c93eb]
V  [jvm.dll+0x24d5d7]
V  [jvm.dll+0x24c876]
V  [jvm.dll+0x24cd11]
V  [jvm.dll+0x24cf2e]
V  [jvm.dll+0x29fc6a]
C  [msvcr100.dll+0x21d9f]
C  [msvcr100.dll+0x21e3b]
C  [KERNEL32.DLL+0x17614]
C  [ntdll.dll+0x526b1]

VM_Operation (0x000000001b60f320): RedefineClasses, mode: safepoint, requested by thread 0x0000000019b7e800, redefining class com.ibrahim.Project001.ui.Components001.TextFieldFormatterUsageUI



---------------  P R O C E S S  ---------------

Java Threads: ( => current thread )
  0x000000001c949000 JavaThread "Atmosphere-Scheduler-3" daemon [_thread_blocked, id=4916, stack(0x0000000000ca0000,0x0000000000da0000)]
  0x000000001c942800 JavaThread "http-nio-8080-Acceptor" daemon [_thread_in_native, id=2592, stack(0x000000002d000000,0x000000002d100000)]
  0x000000001c941800 JavaThread "http-nio-8080-Poller" daemon [_thread_blocked, id=2392, stack(0x000000002cf00000,0x000000002d000000)]
  0x000000002057f800 JavaThread "http-nio-8080-exec-10" daemon [_thread_blocked, id=10192, stack(0x000000002ab80000,0x000000002ac80000)]
  0x000000002057e800 JavaThread "http-nio-8080-exec-9" daemon [_thread_blocked, id=8828, stack(0x000000002aa80000,0x000000002ab80000)]
  0x000000002057e000 JavaThread "http-nio-8080-exec-8" daemon [_thread_blocked, id=844, stack(0x000000002a980000,0x000000002aa80000)]
  0x000000002057d000 JavaThread "http-nio-8080-exec-7" daemon [_thread_blocked, id=11072, stack(0x000000002a880000,0x000000002a980000)]
  0x000000002057c800 JavaThread "http-nio-8080-exec-6" daemon [_thread_blocked, id=5260, stack(0x000000002a780000,0x000000002a880000)]
  0x0000000020575000 JavaThread "http-nio-8080-exec-5" daemon [_thread_blocked, id=11468, stack(0x000000002a680000,0x000000002a780000)]
  0x000000002057b800 JavaThread "http-nio-8080-exec-4" daemon [_thread_blocked, id=7508, stack(0x000000002a580000,0x000000002a680000)]
  0x0000000020579800 JavaThread "http-nio-8080-exec-3" daemon [_thread_blocked, id=1644, stack(0x00000000293f0000,0x00000000294f0000)]
  0x000000002057b000 JavaThread "http-nio-8080-exec-2" daemon [_thread_blocked, id=12112, stack(0x00000000290f0000,0x00000000291f0000)]
  0x000000002057a000 JavaThread "http-nio-8080-exec-1" daemon [_thread_blocked, id=11836, stack(0x0000000028b00000,0x0000000028c00000)]
  0x0000000020573800 JavaThread "Atmosphere-Scheduler-0" daemon [_thread_blocked, id=6764, stack(0x0000000028800000,0x0000000028900000)]
  0x0000000020578800 JavaThread "File Watcher" daemon [_thread_blocked, id=4800, stack(0x0000000028700000,0x0000000028800000)]
  0x000000001d3a4000 JavaThread "container-0" [_thread_blocked, id=10120, stack(0x00000000277e0000,0x00000000278e0000)]
  0x000000001d3a8800 JavaThread "Catalina-utility-2" [_thread_blocked, id=12024, stack(0x0000000025060000,0x0000000025160000)]
  0x000000001d3a3800 JavaThread "Catalina-utility-1" [_thread_blocked, id=8892, stack(0x0000000024e60000,0x0000000024f60000)]
  0x000000001c946000 JavaThread "DestroyJavaVM" [_thread_blocked, id=7520, stack(0x0000000002730000,0x0000000002830000)]
  0x000000001c945800 JavaThread "webpack" daemon [_thread_in_native, id=9848, stack(0x000000001da20000,0x000000001db20000)]
  0x000000001c93d000 JavaThread "Live Reload Server" daemon [_thread_in_native, id=11456, stack(0x00000000276e0000,0x00000000277e0000)]
  0x000000001c93b800 JavaThread "Thread-5" daemon [_thread_in_native, id=11552, stack(0x0000000024f60000,0x0000000025060000)]
  0x000000001bd40800 JavaThread "Service Thread" daemon [_thread_blocked, id=10440, stack(0x000000001c710000,0x000000001c810000)]
  0x000000001bcac000 JavaThread "C1 CompilerThread2" daemon [_thread_blocked, id=10580, stack(0x000000001c610000,0x000000001c710000)]
  0x000000001bcbb000 JavaThread "C2 CompilerThread1" daemon [_thread_blocked, id=9640, stack(0x000000001c510000,0x000000001c610000)]
  0x000000001bc60800 JavaThread "C2 CompilerThread0" daemon [_thread_blocked, id=11140, stack(0x000000001c410000,0x000000001c510000)]
  0x0000000019b8e800 JavaThread "JDWP Command Reader" daemon [_thread_in_native, id=8688, stack(0x000000001b710000,0x000000001b810000)]
  0x0000000019b8d800 JavaThread "JDWP Event Helper Thread" daemon [_thread_blocked, id=5484, stack(0x000000001b610000,0x000000001b710000)]
  0x0000000019b7e800 JavaThread "JDWP Transport Listener: dt_socket" daemon [_thread_blocked, id=7832, stack(0x000000001b510000,0x000000001b610000)]
  0x0000000019b72800 JavaThread "Attach Listener" daemon [_thread_blocked, id=10408, stack(0x000000001b0d0000,0x000000001b1d0000)]
  0x0000000019b6f000 JavaThread "Signal Dispatcher" daemon [_thread_blocked, id=12244, stack(0x000000001afd0000,0x000000001b0d0000)]
  0x0000000019b60000 JavaThread "Finalizer" daemon [_thread_blocked, id=11892, stack(0x000000001add0000,0x000000001aed0000)]
  0x0000000019b39000 JavaThread "Reference Handler" daemon [_thread_blocked, id=10448, stack(0x000000001acd0000,0x000000001add0000)]

Other Threads:
=>0x0000000019b37000 VMThread [stack: 0x000000001abd0000,0x000000001acd0000] [id=8972]
  0x000000001bdd7000 WatcherThread [stack: 0x000000001c810000,0x000000001c910000] [id=10008]

VM state:at safepoint (normal execution)

VM Mutex/Monitor currently owned by a thread:  ([mutex/lock_event])
[0x00000000029c4230] Threads_lock - owner thread: 0x0000000019b37000

heap address: 0x0000000701600000, size: 3050 MB, Compressed Oops mode: Zero based, Oop shift amount: 3
Narrow klass base: 0x0000000000000000, Narrow klass shift: 3
Compressed class space size: 1073741824 Address: 0x00000007c0000000

Heap:
 PSYoungGen      total 961024K, used 730318K [0x0000000780780000, 0x00000007bfc80000, 0x00000007c0000000)
  eden space 886784K, 82% used [0x0000000780780000,0x00000007ad0b3ab8,0x00000007b6980000)
  from space 74240K, 0% used [0x00000007bb400000,0x00000007bb400000,0x00000007bfc80000)
  to   space 75264K, 0% used [0x00000007b6980000,0x00000007b6980000,0x00000007bb300000)
 ParOldGen       total 135168K, used 68789K [0x0000000701600000, 0x0000000709a00000, 0x0000000780780000)
  object space 135168K, 50% used [0x0000000701600000,0x000000070592d608,0x0000000709a00000)
 Metaspace       used 62489K, capacity 71894K, committed 72064K, reserved 1112064K
  class space    used 8019K, capacity 9752K, committed 9856K, reserved 1048576K

Card table byte_map: [0x0000000011e80000,0x0000000012480000] byte_map_base: 0x000000000e675000

Marking Bits: (ParMarkBitMap*) 0x0000000052fb5ce0
 Begin Bits: [0x0000000012c80000, 0x0000000015c28000)
 End Bits:   [0x0000000015c28000, 0x0000000018bd0000)

Polling page: 0x00000000026b0000

CodeCache: size=245760Kb used=46831Kb max_used=46901Kb free=198928Kb
 bounds [0x0000000002ac0000, 0x00000000058e0000, 0x0000000011ac0000]
 total_blobs=11119 nmethods=10653 adapters=385
 compilation: enabled

Compilation events (10 events):
Event: 2046.341 Thread 0x000000001bcac000 13597       3       org.springframework.http.MediaType::isCompatibleWith (6 bytes)
Event: 2046.341 Thread 0x000000001bcac000 nmethod 13597 0x00000000032a9090 code [0x00000000032a9200, 0x00000000032a93a8]
Event: 2046.342 Thread 0x000000001bcac000 13598       3       org.springframework.util.MimeType::isCompatibleWith (176 bytes)
Event: 2046.344 Thread 0x000000001bcac000 nmethod 13598 0x00000000058cafd0 code [0x00000000058cb320, 0x00000000058cddd8]
Event: 2046.345 Thread 0x000000001bc60800 13599       4       java.util.Objects::nonNull (10 bytes)
Event: 2046.346 Thread 0x000000001bc60800 nmethod 13599 0x0000000002bfc390 code [0x0000000002bfc4c0, 0x0000000002bfc518]
Event: 2064.110 Thread 0x000000001bcbb000 13600       4       org.apache.catalina.webresources.Cache$$Lambda$897/1101027948::applyAsLong (8 bytes)
Event: 2064.112 Thread 0x000000001bcbb000 nmethod 13600 0x0000000003457cd0 code [0x0000000003457e20, 0x0000000003457eb8]
Event: 2104.643 Thread 0x000000001bcac000 13601       3       org.apache.tomcat.util.net.NioChannel::isOpen (8 bytes)
Event: 2104.644 Thread 0x000000001bcac000 nmethod 13601 0x0000000003f62750 code [0x0000000003f628a0, 0x0000000003f62a90]

GC Heap History (10 events):
Event: 1870.558 GC heap before
{Heap before GC invocations=72 (full 30):
 PSYoungGen      total 963072K, used 55493K [0x0000000780780000, 0x00000007c0000000, 0x00000007c0000000)
  eden space 883712K, 0% used [0x0000000780780000,0x0000000780780000,0x00000007b6680000)
  from space 79360K, 69% used [0x00000007bb280000,0x00000007be8b17b8,0x00000007c0000000)
  to   space 77824K, 0% used [0x00000007b6680000,0x00000007b6680000,0x00000007bb280000)
 ParOldGen       total 135168K, used 68536K [0x0000000701600000, 0x0000000709a00000, 0x0000000780780000)
  object space 135168K, 50% used [0x0000000701600000,0x00000007058ee290,0x0000000709a00000)
 Metaspace       used 61276K, capacity 70552K, committed 70784K, reserved 1110016K
  class space    used 7852K, capacity 9531K, committed 9600K, reserved 1048576K
Event: 1870.728 GC heap after
Heap after GC invocations=72 (full 30):
 PSYoungGen      total 963072K, used 0K [0x0000000780780000, 0x00000007c0000000, 0x00000007c0000000)
  eden space 883712K, 0% used [0x0000000780780000,0x0000000780780000,0x00000007b6680000)
  from space 79360K, 0% used [0x00000007bb280000,0x00000007bb280000,0x00000007c0000000)
  to   space 77824K, 0% used [0x00000007b6680000,0x00000007b6680000,0x00000007bb280000)
 ParOldGen       total 135168K, used 68615K [0x0000000701600000, 0x0000000709a00000, 0x0000000780780000)
  object space 135168K, 50% used [0x0000000701600000,0x0000000705901f90,0x0000000709a00000)
 Metaspace       used 61273K, capacity 70546K, committed 70784K, reserved 1110016K
  class space    used 7851K, capacity 9529K, committed 9600K, reserved 1048576K
}
Event: 1956.854 GC heap before
{Heap before GC invocations=73 (full 30):
 PSYoungGen      total 963072K, used 749228K [0x0000000780780000, 0x00000007c0000000, 0x00000007c0000000)
  eden space 883712K, 84% used [0x0000000780780000,0x00000007ae32b1e8,0x00000007b6680000)
  from space 79360K, 0% used [0x00000007bb280000,0x00000007bb280000,0x00000007c0000000)
  to   space 77824K, 0% used [0x00000007b6680000,0x00000007b6680000,0x00000007bb280000)
 ParOldGen       total 135168K, used 68615K [0x0000000701600000, 0x0000000709a00000, 0x0000000780780000)
  object space 135168K, 50% used [0x0000000701600000,0x0000000705901f90,0x0000000709a00000)
 Metaspace       used 61749K, capacity 71144K, committed 71424K, reserved 1112064K
  class space    used 7907K, capacity 9608K, committed 9728K, reserved 1048576K
Event: 1956.914 GC heap after
Heap after GC invocations=73 (full 30):
 PSYoungGen      total 961536K, used 55517K [0x0000000780780000, 0x00000007bfe80000, 0x00000007c0000000)
  eden space 883712K, 0% used [0x0000000780780000,0x0000000780780000,0x00000007b6680000)
  from space 77824K, 71% used [0x00000007b6680000,0x00000007b9cb7648,0x00000007bb280000)
  to   space 76288K, 0% used [0x00000007bb400000,0x00000007bb400000,0x00000007bfe80000)
 ParOldGen       total 135168K, used 68623K [0x0000000701600000, 0x0000000709a00000, 0x0000000780780000)
  object space 135168K, 50% used [0x0000000701600000,0x0000000705903f90,0x0000000709a00000)
 Metaspace       used 61749K, capacity 71144K, committed 71424K, reserved 1112064K
  class space    used 7907K, capacity 9608K, committed 9728K, reserved 1048576K
}
Event: 1956.914 GC heap before
{Heap before GC invocations=74 (full 31):
 PSYoungGen      total 961536K, used 55517K [0x0000000780780000, 0x00000007bfe80000, 0x00000007c0000000)
  eden space 883712K, 0% used [0x0000000780780000,0x0000000780780000,0x00000007b6680000)
  from space 77824K, 71% used [0x00000007b6680000,0x00000007b9cb7648,0x00000007bb280000)
  to   space 76288K, 0% used [0x00000007bb400000,0x00000007bb400000,0x00000007bfe80000)
 ParOldGen       total 135168K, used 68623K [0x0000000701600000, 0x0000000709a00000, 0x0000000780780000)
  object space 135168K, 50% used [0x0000000701600000,0x0000000705903f90,0x0000000709a00000)
 Metaspace       used 61749K, capacity 71144K, committed 71424K, reserved 1112064K
  class space    used 7907K, capacity 9608K, committed 9728K, reserved 1048576K
Event: 1957.100 GC heap after
Heap after GC invocations=74 (full 31):
 PSYoungGen      total 961536K, used 0K [0x0000000780780000, 0x00000007bfe80000, 0x00000007c0000000)
  eden space 883712K, 0% used [0x0000000780780000,0x0000000780780000,0x00000007b6680000)
  from space 77824K, 0% used [0x00000007b6680000,0x00000007b6680000,0x00000007bb280000)
  to   space 76288K, 0% used [0x00000007bb400000,0x00000007bb400000,0x00000007bfe80000)
 ParOldGen       total 135168K, used 68703K [0x0000000701600000, 0x0000000709a00000, 0x0000000780780000)
  object space 135168K, 50% used [0x0000000701600000,0x0000000705917d70,0x0000000709a00000)
 Metaspace       used 61746K, capacity 71138K, committed 71424K, reserved 1112064K
  class space    used 7906K, capacity 9606K, committed 9728K, reserved 1048576K
}
Event: 2041.621 GC heap before
{Heap before GC invocations=75 (full 31):
 PSYoungGen      total 961536K, used 747446K [0x0000000780780000, 0x00000007bfe80000, 0x00000007c0000000)
  eden space 883712K, 84% used [0x0000000780780000,0x00000007ae16d9f0,0x00000007b6680000)
  from space 77824K, 0% used [0x00000007b6680000,0x00000007b6680000,0x00000007bb280000)
  to   space 76288K, 0% used [0x00000007bb400000,0x00000007bb400000,0x00000007bfe80000)
 ParOldGen       total 135168K, used 68703K [0x0000000701600000, 0x0000000709a00000, 0x0000000780780000)
  object space 135168K, 50% used [0x0000000701600000,0x0000000705917d70,0x0000000709a00000)
 Metaspace       used 62048K, capacity 71550K, committed 71680K, reserved 1112064K
  class space    used 7964K, capacity 9686K, committed 9728K, reserved 1048576K
Event: 2041.672 GC heap after
Heap after GC invocations=75 (full 31):
 PSYoungGen      total 961024K, used 55577K [0x0000000780780000, 0x00000007bfc80000, 0x00000007c0000000)
  eden space 886784K, 0% used [0x0000000780780000,0x0000000780780000,0x00000007b6980000)
  from space 74240K, 74% used [0x00000007bb400000,0x00000007bea46688,0x00000007bfc80000)
  to   space 75264K, 0% used [0x00000007b6980000,0x00000007b6980000,0x00000007bb300000)
 ParOldGen       total 135168K, used 68711K [0x0000000701600000, 0x0000000709a00000, 0x0000000780780000)
  object space 135168K, 50% used [0x0000000701600000,0x0000000705919d70,0x0000000709a00000)
 Metaspace       used 62048K, capacity 71550K, committed 71680K, reserved 1112064K
  class space    used 7964K, capacity 9686K, committed 9728K, reserved 1048576K
}
Event: 2041.672 GC heap before
{Heap before GC invocations=76 (full 32):
 PSYoungGen      total 961024K, used 55577K [0x0000000780780000, 0x00000007bfc80000, 0x00000007c0000000)
  eden space 886784K, 0% used [0x0000000780780000,0x0000000780780000,0x00000007b6980000)
  from space 74240K, 74% used [0x00000007bb400000,0x00000007bea46688,0x00000007bfc80000)
  to   space 75264K, 0% used [0x00000007b6980000,0x00000007b6980000,0x00000007bb300000)
 ParOldGen       total 135168K, used 68711K [0x0000000701600000, 0x0000000709a00000, 0x0000000780780000)
  object space 135168K, 50% used [0x0000000701600000,0x0000000705919d70,0x0000000709a00000)
 Metaspace       used 62048K, capacity 71550K, committed 71680K, reserved 1112064K
  class space    used 7964K, capacity 9686K, committed 9728K, reserved 1048576K
Event: 2041.840 GC heap after
Heap after GC invocations=76 (full 32):
 PSYoungGen      total 961024K, used 0K [0x0000000780780000, 0x00000007bfc80000, 0x00000007c0000000)
  eden space 886784K, 0% used [0x0000000780780000,0x0000000780780000,0x00000007b6980000)
  from space 74240K, 0% used [0x00000007bb400000,0x00000007bb400000,0x00000007bfc80000)
  to   space 75264K, 0% used [0x00000007b6980000,0x00000007b6980000,0x00000007bb300000)
 ParOldGen       total 135168K, used 68789K [0x0000000701600000, 0x0000000709a00000, 0x0000000780780000)
  object space 135168K, 50% used [0x0000000701600000,0x000000070592d608,0x0000000709a00000)
 Metaspace       used 62046K, capacity 71544K, committed 71680K, reserved 1112064K
  class space    used 7964K, capacity 9684K, committed 9728K, reserved 1048576K
}

Deoptimization events (10 events):
Event: 2046.337 Thread 0x000000002057a000 Uncommon trap: reason=unhandled action=none pc=0x00000000034ed484 method=java.net.URLClassLoader.findClass(Ljava/lang/String;)Ljava/lang/Class; @ 44
Event: 2046.338 Thread 0x000000002057a000 Uncommon trap: reason=unhandled action=none pc=0x0000000003b352e0 method=java.net.URLClassLoader.findClass(Ljava/lang/String;)Ljava/lang/Class; @ 44
Event: 2046.338 Thread 0x000000002057a000 Uncommon trap: reason=unhandled action=none pc=0x000000000353f5a0 method=java.net.URLClassLoader.findClass(Ljava/lang/String;)Ljava/lang/Class; @ 44
Event: 2046.338 Thread 0x000000002057a000 Uncommon trap: reason=unhandled action=none pc=0x00000000034ed484 method=java.net.URLClassLoader.findClass(Ljava/lang/String;)Ljava/lang/Class; @ 44
Event: 2046.339 Thread 0x000000002057a000 Uncommon trap: reason=unhandled action=none pc=0x0000000003b352e0 method=java.net.URLClassLoader.findClass(Ljava/lang/String;)Ljava/lang/Class; @ 44
Event: 2046.339 Thread 0x000000002057a000 Uncommon trap: reason=unhandled action=none pc=0x000000000353f5a0 method=java.net.URLClassLoader.findClass(Ljava/lang/String;)Ljava/lang/Class; @ 44
Event: 2046.341 Thread 0x000000002057a000 Uncommon trap: reason=bimorphic action=maybe_recompile pc=0x0000000002ca67cc method=java.util.Collections$UnmodifiableMap.containsKey(Ljava/lang/Object;)Z @ 5
Event: 2118.252 Thread 0x0000000019b7e800 Uncommon trap: reason=unhandled action=none pc=0x00000000034ed484 method=java.net.URLClassLoader.findClass(Ljava/lang/String;)Ljava/lang/Class; @ 44
Event: 2118.253 Thread 0x0000000019b7e800 Uncommon trap: reason=unhandled action=none pc=0x00000000034ed484 method=java.net.URLClassLoader.findClass(Ljava/lang/String;)Ljava/lang/Class; @ 44
Event: 2118.253 Thread 0x0000000019b7e800 Uncommon trap: reason=unhandled action=none pc=0x00000000034ed484 method=java.net.URLClassLoader.findClass(Ljava/lang/String;)Ljava/lang/Class; @ 44

Classes redefined (10 events):
Event: 2040.353 Thread 0x0000000019b37000 redefined class name=com.ibrahim.Project001.ui.Components001.TextFieldFormatterUsageUI, count=1
Event: 2040.403 Thread 0x0000000019b37000 redefined class name=com.ibrahim.Project001.ui.Components001.TextFieldFormatterUsageUI, count=9
Event: 2040.464 Thread 0x0000000019b37000 redefined class name=com.ibrahim.Project001.ui.Components001.TextFieldFormatterUsageUI, count=10
Event: 2040.515 Thread 0x0000000019b37000 redefined class name=com.ibrahim.Project001.ui.Components001.TextFieldFormatterUsageUI, count=7
Event: 2040.568 Thread 0x0000000019b37000 redefined class name=com.ibrahim.Project001.ui.Components001.TextFieldFormatterUsageUI, count=8
Event: 2118.435 Thread 0x0000000019b37000 redefined class name=com.ibrahim.Project001.ui.Components001.TextFieldFormatterUsageUI, count=6
Event: 2118.483 Thread 0x0000000019b37000 redefined class name=com.ibrahim.Project001.ui.Components001.TextFieldFormatterUsageUI, count=1
Event: 2118.533 Thread 0x0000000019b37000 redefined class name=com.ibrahim.Project001.ui.Components001.TextFieldFormatterUsageUI, count=7
Event: 2118.582 Thread 0x0000000019b37000 redefined class name=com.ibrahim.Project001.ui.Components001.TextFieldFormatterUsageUI, count=4
Event: 2118.631 Thread 0x0000000019b37000 redefined class name=com.ibrahim.Project001.ui.Components001.TextFieldFormatterUsageUI, count=3

Internal exceptions (10 events):
Event: 2044.115 Thread 0x000000001d3a5000 Exception <a 'java/lang/ArrayIndexOutOfBoundsException': 64> (0x00000007a88a8e88) thrown at [C:\re\workspace\8-2-build-windows-amd64-cygwin\jdk8u202\12323\hotspot\src\share\vm\interpreter\interpreterRuntime.cpp, line 368]
Event: 2044.117 Thread 0x000000001d3a5000 Exception <a 'java/lang/ArrayIndexOutOfBoundsException': 93> (0x00000007a88f4b98) thrown at [C:\re\workspace\8-2-build-windows-amd64-cygwin\jdk8u202\12323\hotspot\src\share\vm\interpreter\interpreterRuntime.cpp, line 368]
Event: 2044.117 Thread 0x000000001d3a5000 Exception <a 'java/lang/ArrayIndexOutOfBoundsException': 88> (0x00000007a88f9870) thrown at [C:\re\workspace\8-2-build-windows-amd64-cygwin\jdk8u202\12323\hotspot\src\share\vm\interpreter\interpreterRuntime.cpp, line 368]
Event: 2044.118 Thread 0x000000001d3a5000 Exception <a 'java/lang/ArrayIndexOutOfBoundsException': 84> (0x00000007a8900f78) thrown at [C:\re\workspace\8-2-build-windows-amd64-cygwin\jdk8u202\12323\hotspot\src\share\vm\interpreter\interpreterRuntime.cpp, line 368]
Event: 2044.118 Thread 0x000000001d3a5000 Exception <a 'java/lang/ArrayIndexOutOfBoundsException': 85> (0x00000007a9072020) thrown at [C:\re\workspace\8-2-build-windows-amd64-cygwin\jdk8u202\12323\hotspot\src\share\vm\interpreter\interpreterRuntime.cpp, line 368]
Event: 2044.118 Thread 0x000000001d3a5000 Exception <a 'java/lang/ArrayIndexOutOfBoundsException': 91> (0x00000007a9080350) thrown at [C:\re\workspace\8-2-build-windows-amd64-cygwin\jdk8u202\12323\hotspot\src\share\vm\interpreter\interpreterRuntime.cpp, line 368]
Event: 2044.118 Thread 0x000000001d3a5000 Exception <a 'java/lang/ArrayIndexOutOfBoundsException': 130> (0x00000007a908e148) thrown at [C:\re\workspace\8-2-build-windows-amd64-cygwin\jdk8u202\12323\hotspot\src\share\vm\interpreter\interpreterRuntime.cpp, line 368]
Event: 2044.161 Thread 0x000000001d3a5000 Exception <a 'java/lang/ArrayIndexOutOfBoundsException': 39> (0x00000007a93fc830) thrown at [C:\re\workspace\8-2-build-windows-amd64-cygwin\jdk8u202\12323\hotspot\src\share\vm\interpreter\interpreterRuntime.cpp, line 368]
Event: 2044.161 Thread 0x000000001d3a5000 Exception <a 'java/lang/ArrayIndexOutOfBoundsException': 39> (0x00000007a9414330) thrown at [C:\re\workspace\8-2-build-windows-amd64-cygwin\jdk8u202\12323\hotspot\src\share\vm\interpreter\interpreterRuntime.cpp, line 368]
Event: 2045.859 Thread 0x000000001c93e000 Exception <a 'java/net/SocketTimeoutException': Read timed out> (0x0000000780780368) thrown at [C:\re\workspace\8-2-build-windows-amd64-cygwin\jdk8u202\12323\hotspot\src\share\vm\prims\jni.cpp, line 736]

Events (10 events):
Event: 2118.252 Thread 0x0000000019b7e800 Uncommon trap: trap_request=0xffffffa7 fr.pc=0x00000000034ed484
Event: 2118.252 Thread 0x0000000019b7e800 DEOPT PACKING pc=0x00000000034ed484 sp=0x000000001b60d660
Event: 2118.252 Thread 0x0000000019b7e800 DEOPT UNPACKING pc=0x0000000002b0583b sp=0x000000001b60d570 mode 2
Event: 2118.253 Thread 0x0000000019b7e800 Uncommon trap: trap_request=0xffffffa7 fr.pc=0x00000000034ed484
Event: 2118.253 Thread 0x0000000019b7e800 DEOPT PACKING pc=0x00000000034ed484 sp=0x000000001b60cc70
Event: 2118.253 Thread 0x0000000019b7e800 DEOPT UNPACKING pc=0x0000000002b0583b sp=0x000000001b60cb80 mode 2
Event: 2118.253 Thread 0x0000000019b7e800 Uncommon trap: trap_request=0xffffffa7 fr.pc=0x00000000034ed484
Event: 2118.253 Thread 0x0000000019b7e800 DEOPT PACKING pc=0x00000000034ed484 sp=0x000000001b60cc70
Event: 2118.253 Thread 0x0000000019b7e800 DEOPT UNPACKING pc=0x0000000002b0583b sp=0x000000001b60cb80 mode 2
Event: 2118.358 Executing VM operation: RedefineClasses


Dynamic libraries:
0x00007ff62a1a0000 - 0x00007ff62a1d7000 	C:\Program Files\Java\jre1.8.0_202\bin\javaw.exe
0x00007ffc7d990000 - 0x00007ffc7db88000 	C:\Windows\SYSTEM32\ntdll.dll
0x00007ffc7bf00000 - 0x00007ffc7bfbf000 	C:\Windows\System32\KERNEL32.DLL
0x00007ffc7b400000 - 0x00007ffc7b6f6000 	C:\Windows\System32\KERNELBASE.dll
0x00007ffc7ceb0000 - 0x00007ffc7cf5f000 	C:\Windows\System32\ADVAPI32.dll
0x00007ffc7d040000 - 0x00007ffc7d0de000 	C:\Windows\System32\msvcrt.dll
0x00007ffc7cd40000 - 0x00007ffc7cddc000 	C:\Windows\System32\sechost.dll
0x00007ffc7cb90000 - 0x00007ffc7ccb6000 	C:\Windows\System32\RPCRT4.dll
0x00007ffc7bfc0000 - 0x00007ffc7c15d000 	C:\Windows\System32\USER32.dll
0x00007ffc7b2d0000 - 0x00007ffc7b2f2000 	C:\Windows\System32\win32u.dll
0x00007ffc7cb60000 - 0x00007ffc7cb8c000 	C:\Windows\System32\GDI32.dll
0x00007ffc7b860000 - 0x00007ffc7b975000 	C:\Windows\System32\gdi32full.dll
0x00007ffc7b150000 - 0x00007ffc7b1ed000 	C:\Windows\System32\msvcp_win.dll
0x00007ffc7b300000 - 0x00007ffc7b400000 	C:\Windows\System32\ucrtbase.dll
0x00007ffc64510000 - 0x00007ffc647aa000 	C:\Windows\WinSxS\amd64_microsoft.windows.common-controls_6595b64144ccf1df_6.0.19041.1110_none_60b5254171f9507e\COMCTL32.dll
0x00007ffc7d100000 - 0x00007ffc7d130000 	C:\Windows\System32\IMM32.DLL
0x00000000526b0000 - 0x0000000052782000 	C:\Program Files\Java\jre1.8.0_202\bin\msvcr100.dll
0x0000000052790000 - 0x0000000053035000 	C:\Program Files\Java\jre1.8.0_202\bin\server\jvm.dll
0x00007ffc7cd20000 - 0x00007ffc7cd28000 	C:\Windows\System32\PSAPI.DLL
0x00007ffc76b40000 - 0x00007ffc76b49000 	C:\Windows\SYSTEM32\WSOCK32.dll
0x00007ffc7bde0000 - 0x00007ffc7be4b000 	C:\Windows\System32\WS2_32.dll
0x00007ffc65770000 - 0x00007ffc65797000 	C:\Windows\SYSTEM32\WINMM.dll
0x00007ffc713d0000 - 0x00007ffc713da000 	C:\Windows\SYSTEM32\VERSION.dll
0x00007ffc766f0000 - 0x00007ffc766ff000 	C:\Program Files\Java\jre1.8.0_202\bin\verify.dll
0x00007ffc67750000 - 0x00007ffc67779000 	C:\Program Files\Java\jre1.8.0_202\bin\java.dll
0x00007ffc5f890000 - 0x00007ffc5f8c5000 	C:\Program Files\Java\jre1.8.0_202\bin\jdwp.dll
0x00007ffc76b10000 - 0x00007ffc76b18000 	C:\Program Files\Java\jre1.8.0_202\bin\npt.dll
0x00007ffc60cb0000 - 0x00007ffc60cd3000 	C:\Program Files\Java\jre1.8.0_202\bin\instrument.dll
0x00007ffc6e600000 - 0x00007ffc6e616000 	C:\Program Files\Java\jre1.8.0_202\bin\zip.dll
0x00007ffc7d130000 - 0x00007ffc7d874000 	C:\Windows\System32\SHELL32.dll
0x00007ffc79130000 - 0x00007ffc798c3000 	C:\Windows\SYSTEM32\windows.storage.dll
0x00007ffc7ba80000 - 0x00007ffc7bdd4000 	C:\Windows\System32\combase.dll
0x00007ffc7aa40000 - 0x00007ffc7aa6e000 	C:\Windows\SYSTEM32\Wldp.dll
0x00007ffc7be50000 - 0x00007ffc7befd000 	C:\Windows\System32\SHCORE.dll
0x00007ffc7d880000 - 0x00007ffc7d8d5000 	C:\Windows\System32\shlwapi.dll
0x00007ffc7afa0000 - 0x00007ffc7afc5000 	C:\Windows\SYSTEM32\profapi.dll
0x00007ffc6db60000 - 0x00007ffc6db69000 	C:\Program Files\Java\jre1.8.0_202\bin\dt_socket.dll
0x00007ffc59fc0000 - 0x00007ffc59fd7000 	C:\Windows\system32\napinsp.dll
0x00007ffc59f70000 - 0x00007ffc59f8b000 	C:\Windows\system32\pnrpnsp.dll
0x00007ffc66200000 - 0x00007ffc66215000 	C:\Windows\system32\wshbth.dll
0x00007ffc76a10000 - 0x00007ffc76a2d000 	C:\Windows\system32\NLAapi.dll
0x00007ffc7a490000 - 0x00007ffc7a4cb000 	C:\Windows\SYSTEM32\IPHLPAPI.DLL
0x00007ffc7a7a0000 - 0x00007ffc7a80a000 	C:\Windows\System32\mswsock.dll
0x00007ffc7a4d0000 - 0x00007ffc7a59a000 	C:\Windows\SYSTEM32\DNSAPI.dll
0x00007ffc7d940000 - 0x00007ffc7d948000 	C:\Windows\System32\NSI.dll
0x00007ffc2e630000 - 0x00007ffc2e642000 	C:\Windows\System32\winrnr.dll
0x00007ffc726d0000 - 0x00007ffc72752000 	C:\Windows\System32\fwpuclnt.dll
0x00007ffc7b1f0000 - 0x00007ffc7b217000 	C:\Windows\System32\bcrypt.dll
0x00007ffc72860000 - 0x00007ffc7286a000 	C:\Windows\System32\rasadhlp.dll
0x00007ffc6db30000 - 0x00007ffc6db3d000 	C:\Program Files\Java\jre1.8.0_202\bin\management.dll
0x00007ffc6dac0000 - 0x00007ffc6dada000 	C:\Program Files\Java\jre1.8.0_202\bin\net.dll
0x00007ffc6f570000 - 0x00007ffc6f75d000 	C:\Windows\SYSTEM32\urlmon.dll
0x00007ffc6f180000 - 0x00007ffc6f43c000 	C:\Windows\SYSTEM32\iertutil.dll
0x00007ffc6f9f0000 - 0x00007ffc6fa19000 	C:\Windows\SYSTEM32\srvcli.dll
0x00007ffc7a5a0000 - 0x00007ffc7a5ac000 	C:\Windows\SYSTEM32\netutils.dll
0x00007ffc6a7b0000 - 0x00007ffc6a7c2000 	C:\Program Files\Java\jre1.8.0_202\bin\nio.dll
0x00007ffc7a990000 - 0x00007ffc7a9a8000 	C:\Windows\SYSTEM32\CRYPTSP.dll
0x00007ffc7a050000 - 0x00007ffc7a084000 	C:\Windows\system32\rsaenh.dll
0x00007ffc7af60000 - 0x00007ffc7af8e000 	C:\Windows\SYSTEM32\USERENV.dll
0x00007ffc7b0c0000 - 0x00007ffc7b142000 	C:\Windows\System32\bcryptprimitives.dll
0x00007ffc7a9b0000 - 0x00007ffc7a9bc000 	C:\Windows\SYSTEM32\CRYPTBASE.dll
0x00007ffc74340000 - 0x00007ffc74357000 	C:\Windows\SYSTEM32\dhcpcsvc6.DLL
0x00007ffc74320000 - 0x00007ffc7433d000 	C:\Windows\SYSTEM32\dhcpcsvc.DLL
0x00007ffc674d0000 - 0x00007ffc674f4000 	C:\Program Files\Java\jre1.8.0_202\bin\sunec.dll
0x00007ffc6da20000 - 0x00007ffc6da2b000 	C:\Program Files\Java\jre1.8.0_202\bin\sunmscapi.dll
0x00007ffc7b700000 - 0x00007ffc7b85e000 	C:\Windows\System32\CRYPT32.dll
0x00007ffc6eab0000 - 0x00007ffc6ec94000 	C:\Windows\SYSTEM32\dbghelp.dll

VM Arguments:
jvm_args: -agentlib:jdwp=transport=dt_socket,suspend=y,address=localhost:56049 -javaagent:C:\Users\USER\Desktop\eclipse\configuration\org.eclipse.osgi\413\0\.cp\lib\javaagent-shaded.jar -Dfile.encoding=UTF-8 
java_command: com.ibrahim.Project001.ui.Project001Application
java_class_path (initial): C:\Users\USER\Desktop\Project001\target\classes;C:\Users\USER\.m2\repository\org\springframework\boot\spring-boot-starter-web\2.7.15\spring-boot-starter-web-2.7.15.jar;C:\Users\USER\.m2\repository\org\springframework\boot\spring-boot-starter\2.7.15\spring-boot-starter-2.7.15.jar;C:\Users\USER\.m2\repository\org\springframework\boot\spring-boot-starter-logging\2.7.15\spring-boot-starter-logging-2.7.15.jar;C:\Users\USER\.m2\repository\ch\qos\logback\logback-classic\1.2.12\logback-classic-1.2.12.jar;C:\Users\USER\.m2\repository\ch\qos\logback\logback-core\1.2.12\logback-core-1.2.12.jar;C:\Users\USER\.m2\repository\org\apache\logging\log4j\log4j-to-slf4j\2.17.2\log4j-to-slf4j-2.17.2.jar;C:\Users\USER\.m2\repository\org\apache\logging\log4j\log4j-api\2.17.2\log4j-api-2.17.2.jar;C:\Users\USER\.m2\repository\org\slf4j\jul-to-slf4j\1.7.36\jul-to-slf4j-1.7.36.jar;C:\Users\USER\.m2\repository\jakarta\annotation\jakarta.annotation-api\1.3.5\jakarta.annotation-api-1.3.5.jar;C:\Users\USER\.m2\repository\org\yaml\snakeyaml\1.30\snakeyaml-1.30.jar;C:\Users\USER\.m2\repository\org\springframework\boot\spring-boot-starter-json\2.7.15\spring-boot-starter-json-2.7.15.jar;C:\Users\USER\.m2\repository\com\fasterxml\jackson\core\jackson-databind\2.13.5\jackson-databind-2.13.5.jar;C:\Users\USER\.m2\repository\com\fasterxml\jackson\core\jackson-annotations\2.13.5\jackson-annotations-2.13.5.jar;C:\Users\USER\.m2\repository\com\fasterxml\jackson\core\jackson-core\2.13.5\jackson-core-2.13.5.jar;C:\Users\USER\.m2\repository\com\fasterxml\jackson\datatype\jackson-datatype-jdk8\2.13.5\jackson-datatype-jdk8-2.13.5.jar;C:\Users\USER\.m2\repository\com\fasterxml\jackson\datatype\jackson-datatype-jsr310\2.13.5\jackson-datatype-jsr310-2.13.5.jar;C:\Users\USER\.m2\repository\com\fasterxml\jackson\module\jackson-module-parameter-names\2.13.5\jackson-module-parameter-names-2.13.5.jar;C:\Users\USER\.m2\repository\org\springframework\boot\spring-boot-starter-tomcat\2.7.15\spri
Launcher Type: SUN_STANDARD

Environment Variables:
JAVA_HOME=C:\Program Files\Java\jdk1.8.0_202
PATH=C:/Program Files/Java/jre1.8.0_202/bin/server;C:/Program Files/Java/jre1.8.0_202/bin;C:/Program Files/Java/jre1.8.0_202/lib/amd64;C:\Program Files (x86)\Common Files\Oracle\Java\javapath;C:\Windows\system32;C:\Windows;C:\Windows\System32\Wbem;C:\Windows\System32\WindowsPowerShell\v1.0\;C:\Windows\System32\OpenSSH\;C:\Program Files\nodejs\;C:\Program Files\Git\cmd;C:\Program Files\Appache Maven\apache-maven-3.9.4\bin;C:\Users\USER\AppData\Local\Microsoft\WindowsApps;C:\Users\USER\AppData\Local\Programs\Microsoft VS Code\bin;C:\Users\USER\AppData\Roaming\npm;C:\Program Files\Java\jdk1.8.0_202\bin;;C:\Users\USER\Desktop\eclipse;
USERNAME=USER
OS=Windows_NT
PROCESSOR_IDENTIFIER=Intel64 Family 6 Model 42 Stepping 7, GenuineIntel



---------------  S Y S T E M  ---------------

OS: Windows 10.0 , 64 bit Build 19041 (10.0.19041.3155)

CPU:total 4 (initial active 4) (2 cores per cpu, 2 threads per core) family 6 model 42 stepping 7, cmov, cx8, fxsr, mmx, sse, sse2, sse3, ssse3, sse4.1, sse4.2, popcnt, avx, clmul, ht, tsc, tscinvbit

Memory: 4k page, physical 12489172k(5678128k free), swap 14979540k(6411752k free)

vm_info: Java HotSpot(TM) 64-Bit Server VM (25.202-b08) for windows-amd64 JRE (1.8.0_202-b08), built on Dec 15 2018 19:54:30 by "java_re" with MS VC++ 10.0 (VS2010)

time: Fri Sep 15 15:18:59 2023
timezone: Middle East Daylight Time
elapsed time: 2118 seconds (0d 0h 35m 18s)

